<?xml version="1.0" encoding="UTF-8"?>
<!-- Generated by org.testng.reporters.JUnitXMLReporter -->
<testsuite ignored="0" hostname="DESKTOP-OGFK6VP" failures="0" tests="2" name="Test" time="4.234" errors="0" timestamp="2024-12-25T12:37:48 IST">
  <testcase classname="demo1.Test4" name="@BeforeTest setup2" time="0.157">
    <failure type="org.openqa.selenium.SessionNotCreatedException" message="Could not start a new session. Response code 500. Message: An unknown server-side error occurred while processing the command. Original error: Device emulator-5556 was not in the list of connected devices 
Host info: host: &amp;apos;DESKTOP-OGFK6VP&amp;apos;, ip: &amp;apos;192.168.0.102&amp;apos;
Build info: version: &amp;apos;4.27.0&amp;apos;, revision: &amp;apos;d6e718d134&amp;apos;
System info: os.name: &amp;apos;Windows 11&amp;apos;, os.arch: &amp;apos;amd64&amp;apos;, os.version: &amp;apos;10.0&amp;apos;, java.version: &amp;apos;22.0.2&amp;apos;
Driver info: io.appium.java_client.android.AndroidDriver
Command: [null, newSession {capabilities=[Capabilities {appium:automationName: uiautomator2, appium:systemPort: 8230, appium:udid: emulator-5556, platformName: ANDROID}]}]
Capabilities {appium:automationName: uiautomator2, appium:systemPort: 8230, appium:udid: emulator-5556, platformName: ANDROID}">
      <![CDATA[org.openqa.selenium.SessionNotCreatedException: Could not start a new session. Response code 500. Message: An unknown server-side error occurred while processing the command. Original error: Device emulator-5556 was not in the list of connected devices 
Host info: host: 'DESKTOP-OGFK6VP', ip: '192.168.0.102'
Build info: version: '4.27.0', revision: 'd6e718d134'
System info: os.name: 'Windows 11', os.arch: 'amd64', os.version: '10.0', java.version: '22.0.2'
Driver info: io.appium.java_client.android.AndroidDriver
Command: [null, newSession {capabilities=[Capabilities {appium:automationName: uiautomator2, appium:systemPort: 8230, appium:udid: emulator-5556, platformName: ANDROID}]}]
Capabilities {appium:automationName: uiautomator2, appium:systemPort: 8230, appium:udid: emulator-5556, platformName: ANDROID}
at org.openqa.selenium.remote.ProtocolHandshake.createSession(ProtocolHandshake.java:114)
at org.openqa.selenium.remote.ProtocolHandshake.createSession(ProtocolHandshake.java:75)
at org.openqa.selenium.remote.ProtocolHandshake.createSession(ProtocolHandshake.java:61)
at io.appium.java_client.remote.AppiumCommandExecutor.createSession(AppiumCommandExecutor.java:176)
at io.appium.java_client.remote.AppiumCommandExecutor.execute(AppiumCommandExecutor.java:237)
at org.openqa.selenium.remote.RemoteWebDriver.execute(RemoteWebDriver.java:545)
at io.appium.java_client.AppiumDriver.startSession(AppiumDriver.java:270)
at org.openqa.selenium.remote.RemoteWebDriver.<init>(RemoteWebDriver.java:174)
at io.appium.java_client.AppiumDriver.<init>(AppiumDriver.java:91)
at io.appium.java_client.AppiumDriver.<init>(AppiumDriver.java:103)
at io.appium.java_client.android.AndroidDriver.<init>(AndroidDriver.java:109)
at demo1.Test4.setup2(Test4.java:27)
... Removed 22 stack frames]]>
    </failure>
  </testcase> <!-- @BeforeTest setup2 -->
  <testcase classname="demo1.Test3" name="@AfterTest teardown1" time="0.0">
    <skipped/>
  </testcase> <!-- @AfterTest teardown1 -->
  <testcase classname="demo1.Test4" name="@AfterTest teardown2" time="0.0">
    <skipped/>
  </testcase> <!-- @AfterTest teardown2 -->
  <testcase classname="demo1.Test3" name="sessionidsample" time="0.0">
    <skipped/>
  </testcase> <!-- sessionidsample -->
  <testcase classname="demo1.Test4" name="test1" time="0.0">
    <skipped/>
  </testcase> <!-- test1 -->
</testsuite> <!-- Test -->
