<?xml version="1.0" encoding="UTF-8"?>
<testng-results ignored="0" total="1" passed="1" failed="0" skipped="0">
  <reporter-output>
  </reporter-output>
  <suite started-at="2025-02-04T12:48:01 IST" name="Default suite" finished-at="2025-02-04T12:48:17 IST" duration-ms="15129">
    <groups>
    </groups>
    <test started-at="2025-02-04T12:48:01 IST" name="Default test" finished-at="2025-02-04T12:48:17 IST" duration-ms="15129">
      <class name="com.appiumguide.appiuminspector.GesturesUsingRecorderTab">
        <test-method is-config="true" signature="setup()[pri:0, instance:com.appiumguide.appiuminspector.GesturesUsingRecorderTab@790da477]" started-at="2025-02-04T12:48:02 IST" name="setup" finished-at="2025-02-04T12:48:09 IST" duration-ms="7607" status="PASS">
          <reporter-output>
          </reporter-output>
        </test-method> <!-- setup -->
        <test-method signature="test()[pri:0, instance:com.appiumguide.appiuminspector.GesturesUsingRecorderTab@790da477]" started-at="2025-02-04T12:48:09 IST" name="test" finished-at="2025-02-04T12:48:17 IST" duration-ms="7472" status="PASS">
          <reporter-output>
          </reporter-output>
        </test-method> <!-- test -->
        <test-method is-config="true" signature="teardown()[pri:0, instance:com.appiumguide.appiuminspector.GesturesUsingRecorderTab@790da477]" started-at="2025-02-04T12:48:17 IST" name="teardown" finished-at="2025-02-04T12:48:17 IST" duration-ms="1" status="PASS">
          <reporter-output>
          </reporter-output>
        </test-method> <!-- teardown -->
      </class> <!-- com.appiumguide.appiuminspector.GesturesUsingRecorderTab -->
    </test> <!-- Default test -->
  </suite> <!-- Default suite -->
</testng-results>
