<?xml version="1.0" encoding="UTF-8"?>
<testng-results ignored="0" total="1" passed="1" failed="0" skipped="0">
  <reporter-output>
  </reporter-output>
  <suite started-at="2025-05-14T21:02:06 IST" name="Default suite" finished-at="2025-05-14T21:02:24 IST" duration-ms="18023">
    <groups>
    </groups>
    <test started-at="2025-05-14T21:02:06 IST" name="Default test" finished-at="2025-05-14T21:02:24 IST" duration-ms="18023">
      <class name="com.appiumguide.appiumconcepts.PushPullFiles_Part1">
        <test-method is-config="true" signature="setup()[pri:0, instance:com.appiumguide.appiumconcepts.PushPullFiles_Part1@f1da57d]" started-at="2025-05-14T21:02:06 IST" name="setup" finished-at="2025-05-14T21:02:15 IST" duration-ms="9200" status="PASS">
          <reporter-output>
          </reporter-output>
        </test-method> <!-- setup -->
        <test-method signature="test()[pri:0, instance:com.appiumguide.appiumconcepts.PushPullFiles_Part1@f1da57d]" started-at="2025-05-14T21:02:15 IST" name="test" finished-at="2025-05-14T21:02:23 IST" duration-ms="8551" status="PASS">
          <reporter-output>
          </reporter-output>
        </test-method> <!-- test -->
        <test-method is-config="true" signature="teardown()[pri:0, instance:com.appiumguide.appiumconcepts.PushPullFiles_Part1@f1da57d]" started-at="2025-05-14T21:02:23 IST" name="teardown" finished-at="2025-05-14T21:02:24 IST" duration-ms="208" status="PASS">
          <reporter-output>
          </reporter-output>
        </test-method> <!-- teardown -->
      </class> <!-- com.appiumguide.appiumconcepts.PushPullFiles_Part1 -->
    </test> <!-- Default test -->
  </suite> <!-- Default suite -->
</testng-results>
