<?xml version="1.0" encoding="UTF-8"?>
<!-- Generated by org.testng.reporters.JUnitReportReporter -->
<testsuite hostname="DESKTOP-OGFK6VP" failures="0" tests="1" name="com.appiumguide.appiumvisualTesting.GetimagesSimilarity_Demo4" time="9.040" errors="0" timestamp="2025-06-23T10:38:48 IST" skipped="0">
  <testcase classname="com.appiumguide.appiumvisualTesting.GetimagesSimilarity_Demo4" name="test" time="9.040"/>
</testsuite> <!-- com.appiumguide.appiumvisualTesting.GetimagesSimilarity_Demo4 -->
