<?xml version="1.0" encoding="UTF-8"?>
<!-- Generated by org.testng.reporters.JUnitReportReporter -->
<testsuite hostname="DESKTOP-OGFK6VP" failures="0" tests="1" name="com.appiumguide.devicefarm.devicefarm_FirstScriptOnRealDeviceDemo" time="26.511" errors="0" timestamp="2025-07-29T23:23:30 IST" skipped="0">
  <testcase classname="com.appiumguide.devicefarm.devicefarm_FirstScriptOnRealDeviceDemo" name="test1" time="26.511"/>
</testsuite> <!-- com.appiumguide.devicefarm.devicefarm_FirstScriptOnRealDeviceDemo -->
