<?xml version="1.0" encoding="UTF-8"?>
<!-- Generated by org.testng.reporters.JUnitReportReporter -->
<testsuite hostname="DESKTOP-OGFK6VP" failures="0" tests="1" name="com.appiumguide.startappiumserver.SampleForStartServer_Demo1" time="20.830" errors="0" timestamp="2025-06-28T18:18:50 IST" skipped="0">
  <testcase classname="com.appiumguide.startappiumserver.SampleForStartServer_Demo1" name="sampledemo" time="20.830"/>
</testsuite> <!-- com.appiumguide.startappiumserver.SampleForStartServer_Demo1 -->
