<?xml version="1.0" encoding="UTF-8"?>
<!-- Generated by org.testng.reporters.JUnitReportReporter -->
<testsuite hostname="DESKTOP-OGFK6VP" failures="0" tests="1" name="com.appiumguide.appiuminspector.AppiumcommandsUsingRecorderTab" time="21.203" errors="0" timestamp="2025-02-06T00:55:08 IST" skipped="0">
  <testcase classname="com.appiumguide.appiuminspector.AppiumcommandsUsingRecorderTab" name="test" time="21.203"/>
</testsuite> <!-- com.appiumguide.appiuminspector.AppiumcommandsUsingRecorderTab -->
