<?xml version="1.0" encoding="UTF-8"?>
<!-- Generated by org.testng.reporters.JUnitReportReporter -->
<testsuite hostname="DESKTOP-OGFK6VP" failures="0" tests="3" name="com.appiumguide.demo1.Phonecall" time="65.933" errors="0" timestamp="2024-11-06T19:24:40 IST" skipped="0">
  <testcase classname="com.appiumguide.demo1.Phonecall" name="Sceranio1" time="5.217"/>
  <testcase classname="com.appiumguide.demo1.Phonecall" name="Sceranio2" time="25.302"/>
  <testcase classname="com.appiumguide.demo1.Phonecall" name="Sceranio3" time="35.414"/>
</testsuite> <!-- com.appiumguide.demo1.Phonecall -->
