<?xml version="1.0" encoding="UTF-8"?>
<!-- Generated by org.testng.reporters.JUnitReportReporter -->
<testsuite hostname="DESKTOP-OGFK6VP" failures="0" tests="1" name="com.appiumguide.ninewaystoinstallapks.InstallapkByAppiumMethod" time="11.814" errors="0" timestamp="2025-06-21T18:03:40 IST" skipped="0">
  <testcase classname="com.appiumguide.ninewaystoinstallapks.InstallapkByAppiumMethod" name="test" time="11.814"/>
</testsuite> <!-- com.appiumguide.ninewaystoinstallapks.InstallapkByAppiumMethod -->
