<?xml version="1.0" encoding="UTF-8"?>
<!-- Generated by org.testng.reporters.JUnitReportReporter -->
<testsuite hostname="DESKTOP-OGFK6VP" failures="0" tests="1" name="com.appiumguide.ninewaystoinstallapks.InstallapkByCustomScript" time="0.025" errors="0" timestamp="2025-06-24T13:52:01 IST" skipped="0">
  <testcase classname="com.appiumguide.ninewaystoinstallapks.InstallapkByCustomScript" name="test" time="0.025"/>
</testsuite> <!-- com.appiumguide.ninewaystoinstallapks.InstallapkByCustomScript -->
