<?xml version="1.0" encoding="UTF-8"?>
<!-- Generated by org.testng.reporters.JUnitReportReporter -->
<testsuite hostname="DESKTOP-OGFK6VP" failures="0" tests="1" name="com.appiumguide.appiumvisualTesting.GetImagesSimilarity_Demo2" time="18.412" errors="0" timestamp="2025-06-20T10:15:09 IST" skipped="0">
  <testcase classname="com.appiumguide.appiumvisualTesting.GetImagesSimilarity_Demo2" name="test" time="18.412"/>
</testsuite> <!-- com.appiumguide.appiumvisualTesting.GetImagesSimilarity_Demo2 -->
