<?xml version="1.0" encoding="UTF-8"?>
<!-- Generated by org.testng.reporters.JUnitReportReporter -->
<testsuite hostname="DESKTOP-OGFK6VP" failures="0" tests="1" name="com.appiumguide.ninewaystoinstallapks.InstallapkByDesiredCapability" time="0.013" errors="0" timestamp="2025-07-12T14:47:49 IST" skipped="0">
  <testcase classname="com.appiumguide.ninewaystoinstallapks.InstallapkByDesiredCapability" name="test" time="0.013"/>
</testsuite> <!-- com.appiumguide.ninewaystoinstallapks.InstallapkByDesiredCapability -->
