<?xml version="1.0" encoding="UTF-8"?>
<!-- Generated by org.testng.reporters.JUnitReportReporter -->
<testsuite hostname="DESKTOP-OGFK6VP" failures="0" tests="3" name="demo.ScreenRecordingTest" time="68.806" errors="0" timestamp="2024-11-27T14:05:20 IST" skipped="0">
  <testcase classname="demo.ScreenRecordingTest" name="recordtest1" time="20.051"/>
  <testcase classname="demo.ScreenRecordingTest" name="recordtest2" time="24.534"/>
  <testcase classname="demo.ScreenRecordingTest" name="recordtest3" time="24.221"/>
</testsuite> <!-- demo.ScreenRecordingTest -->
