<?xml version="1.0" encoding="UTF-8"?>
<!-- Generated by org.testng.reporters.JUnitReportReporter -->
<testsuite hostname="DESKTOP-OGFK6VP" failures="0" tests="1" name="com.appiumguide.devicefarm.devicefarm_FirstScriptOnRealDeviceDemo2" time="25.220" errors="0" timestamp="2025-08-03T09:59:28 IST" skipped="0">
  <testcase classname="com.appiumguide.devicefarm.devicefarm_FirstScriptOnRealDeviceDemo2" name="test1" time="25.220"/>
</testsuite> <!-- com.appiumguide.devicefarm.devicefarm_FirstScriptOnRealDeviceDemo2 -->
