<?xml version="1.0" encoding="UTF-8"?>
<!-- Generated by org.testng.reporters.JUnitReportReporter -->
<testsuite hostname="DESKTOP-OGFK6VP" failures="0" tests="1" name="com.appiumguide.appiumvisualTesting.GetimagesSimilarity_Demo3" time="14.158" errors="0" timestamp="2025-06-22T21:23:41 IST" skipped="0">
  <testcase classname="com.appiumguide.appiumvisualTesting.GetimagesSimilarity_Demo3" name="test" time="14.158"/>
</testsuite> <!-- com.appiumguide.appiumvisualTesting.GetimagesSimilarity_Demo3 -->
