<?xml version="1.0" encoding="UTF-8"?>
<!-- Generated by org.testng.reporters.JUnitReportReporter -->
<testsuite hostname="DESKTOP-OGFK6VP" failures="0" tests="1" name="com.appiumguide.ninewaystoinstallapks.InstallapkByUIautomator2Command" time="6.932" errors="0" timestamp="2025-06-21T18:55:16 IST" skipped="0">
  <testcase classname="com.appiumguide.ninewaystoinstallapks.InstallapkByUIautomator2Command" name="test" time="6.932"/>
</testsuite> <!-- com.appiumguide.ninewaystoinstallapks.InstallapkByUIautomator2Command -->
