<?xml version="1.0" encoding="UTF-8"?>
<!-- Generated by org.testng.reporters.JUnitReportReporter -->
<testsuite hostname="DESKTOP-OGFK6VP" failures="0" tests="3" name="demo.PhoneCallTest" time="60.974" errors="0" timestamp="2024-11-07T11:47:50 IST" skipped="0">
  <testcase classname="demo.PhoneCallTest" name="Scenarnio1" time="10.265"/>
  <testcase classname="demo.PhoneCallTest" name="Scenarnio2" time="20.308"/>
  <testcase classname="demo.PhoneCallTest" name="Scenarnio3" time="30.401"/>
</testsuite> <!-- demo.PhoneCallTest -->
