<?xml version="1.0" encoding="UTF-8"?>
<!-- Generated by org.testng.reporters.JUnitReportReporter -->
<testsuite hostname="DESKTOP-OGFK6VP" failures="0" tests="3" name="demo.MobileScrollDemo" time="79.275" errors="0" timestamp="2024-12-25T21:39:47 IST" skipped="0">
  <testcase classname="demo.MobileScrollDemo" name="test1" time="33.854"/>
  <testcase classname="demo.MobileScrollDemo" name="test2" time="3.076"/>
  <testcase classname="demo.MobileScrollDemo" name="test3" time="42.345"/>
</testsuite> <!-- demo.MobileScrollDemo -->
