<?xml version="1.0" encoding="UTF-8"?>
<!-- Generated by org.testng.reporters.JUnitReportReporter -->
<testsuite hostname="DESKTOP-OGFK6VP" failures="0" tests="2" name="com.appiumguide.demo1.DoubleTapDemo" time="21.142" errors="0" timestamp="2025-01-25T12:33:46 IST" skipped="0">
  <testcase classname="com.appiumguide.demo1.DoubleTapDemo" name="doubletaptest1" time="15.768"/>
  <testcase classname="com.appiumguide.demo1.DoubleTapDemo" name="doubletaptest2" time="5.374"/>
</testsuite> <!-- com.appiumguide.demo1.DoubleTapDemo -->
