<?xml version="1.0" encoding="UTF-8"?>
<!-- Generated by org.testng.reporters.JUnitReportReporter -->
<testsuite hostname="DESKTOP-OGFK6VP" failures="0" tests="1" name="com.appiumguide.startappiumserver.SampleForStartServer_Demo" time="17.873" errors="0" timestamp="2025-06-28T13:55:22 IST" skipped="0">
  <testcase classname="com.appiumguide.startappiumserver.SampleForStartServer_Demo" name="sampledemo" time="17.873"/>
</testsuite> <!-- com.appiumguide.startappiumserver.SampleForStartServer_Demo -->
