<?xml version="1.0" encoding="UTF-8"?>
<!-- Generated by org.testng.reporters.JUnitReportReporter -->
<testsuite hostname="DESKTOP-OGFK6VP" failures="0" tests="1" name="com.appiumguide.advanceappiumconcepts.PlugandunplugdevicechargerDemo" time="64.112" errors="0" timestamp="2025-07-06T12:56:40 IST" skipped="0">
  <testcase classname="com.appiumguide.advanceappiumconcepts.PlugandunplugdevicechargerDemo" name="test" time="64.112"/>
</testsuite> <!-- com.appiumguide.advanceappiumconcepts.PlugandunplugdevicechargerDemo -->
