<?xml version="1.0" encoding="UTF-8"?>
<!-- Generated by org.testng.reporters.JUnitReportReporter -->
<testsuite hostname="DESKTOP-OGFK6VP" failures="0" tests="1" name="com.appiumguide.startappiumserver.SampleForStartServer_Demo2" time="22.720" errors="0" timestamp="2025-06-29T20:48:11 IST" skipped="0">
  <testcase classname="com.appiumguide.startappiumserver.SampleForStartServer_Demo2" name="sampledemo" time="22.720"/>
</testsuite> <!-- com.appiumguide.startappiumserver.SampleForStartServer_Demo2 -->
