<?xml version="1.0" encoding="UTF-8"?>
<!-- Generated by org.testng.reporters.JUnitReportReporter -->
<testsuite hostname="DESKTOP-OGFK6VP" failures="0" tests="3" name="demo.LongPressDemo" time="54.474" errors="0" timestamp="2024-11-28T19:14:01 IST" skipped="0">
  <testcase classname="demo.LongPressDemo" name="Test1" time="22.860"/>
  <testcase classname="demo.LongPressDemo" name="Test2" time="21.553"/>
  <testcase classname="demo.LongPressDemo" name="Test3" time="10.061"/>
</testsuite> <!-- demo.LongPressDemo -->
